Using pre-set license
Built from '2020.3/staging' branch; Version is '2020.3.4f1 (0abb6314276a) revision 703331'; Using compiler version '192528614'; Build Type 'Release'
OS: 'Windows 10 Pro; OS build 19042.985; Version 2009; 64bit' Language: 'pl' Physical Memory: 32693 MB
BatchMode: 1, IsHumanControllingUs: 0, StartBugReporterOnCrash: 0, Is64bit: 1, IsPro: 0

 COMMAND LINE ARGUMENTS:
C:\Program Files\Unity\Hub\Editor\2020.3.4f1\Editor\Unity.exe
-adb2
-batchMode
-noUpm
-name
AssetImportWorker0
-projectPath
C:/Users/Dawid/New Unity Project
-logFile
Logs/AssetImportWorker0.log
-srvPort
1638
Successfully changed project path to: C:/Users/Dawid/New Unity Project
C:/Users/Dawid/New Unity Project
Using Asset Import Pipeline V2.
Refreshing native plugins compatible for Editor in 23.94 ms, found 1 plugins.
Preloading 0 native plugins for Editor in 0.00 ms.
Initialize engine version: 2020.3.4f1 (0abb6314276a)
[Subsystems] Discovering subsystems at path C:/Program Files/Unity/Hub/Editor/2020.3.4f1/Editor/Data/Resources/UnitySubsystems
[Subsystems] Discovering subsystems at path C:/Users/Dawid/New Unity Project/Assets
GfxDevice: creating device client; threaded=0
Direct3D:
    Version:  Direct3D 11.0 [level 11.1]
    Renderer: NVIDIA GeForce GTX 960 (ID=0x1401)
    Vendor:   
    VRAM:     2007 MB
    Driver:   27.21.14.5730
Initialize mono
Mono path[0] = 'C:/Program Files/Unity/Hub/Editor/2020.3.4f1/Editor/Data/Managed'
Mono path[1] = 'C:/Program Files/Unity/Hub/Editor/2020.3.4f1/Editor/Data/MonoBleedingEdge/lib/mono/unityjit'
Mono config path = 'C:/Program Files/Unity/Hub/Editor/2020.3.4f1/Editor/Data/MonoBleedingEdge/etc'
Using monoOptions --debugger-agent=transport=dt_socket,embedding=1,server=y,suspend=n,address=127.0.0.1:56780
Begin MonoManager ReloadAssembly
Registering precompiled unity dll's ...
Register platform support module: C:/Program Files/Unity/Hub/Editor/2020.3.4f1/Editor/Data/PlaybackEngines/WindowsStandaloneSupport/UnityEditor.WindowsStandalone.Extensions.dll
Registered in 0.001306 seconds.
Native extension for WindowsStandalone target not found
Refreshing native plugins compatible for Editor in 24.83 ms, found 1 plugins.
Preloading 0 native plugins for Editor in 0.00 ms.
Mono: successfully reloaded assembly
- Completed reload, in  1.150 seconds
Platform modules already initialized, skipping
Registering precompiled user dll's ...
Registered in 0.000731 seconds.
Begin MonoManager ReloadAssembly
Native extension for WindowsStandalone target not found
Refreshing native plugins compatible for Editor in 23.77 ms, found 1 plugins.
Preloading 0 native plugins for Editor in 0.00 ms.
Mono: successfully reloaded assembly
- Completed reload, in  0.552 seconds
Platform modules already initialized, skipping
========================================================================
Worker process is ready to serve import requests
Launched and connected shader compiler UnityShaderCompiler.exe after 0.03 seconds
Refreshing native plugins compatible for Editor in 0.32 ms, found 1 plugins.
Preloading 0 native plugins for Editor in 0.00 ms.
Unloading 1813 Unused Serialized files (Serialized files now loaded: 0)
System memory in use before: 85.1 MB.
System memory in use after: 85.0 MB.

Unloading 24 unused Assets to reduce memory usage. Loaded Objects now: 2256.
Total: 1.584100 ms (FindLiveObjects: 0.144800 ms CreateObjectMapping: 0.046000 ms MarkObjects: 1.293600 ms  DeleteObjects: 0.098800 ms)

========================================================================
Received Import Request.
  path: Assets/Scenes/Texture/Brick.png
  artifactKey: Guid(7b5e1ee80ac2c2942a558bfe864a9168) Importer(815301076,1909f56bfc062723c751e8b465ee728b)
Start importing Assets/Scenes/Texture/Brick.png using Guid(7b5e1ee80ac2c2942a558bfe864a9168) Importer(815301076,1909f56bfc062723c751e8b465ee728b)  -> (artifact id: '95dd96eab2aac211f2a9db1dae6d8cf6') in 0.078849 seconds
  Import took 0.080953 seconds .

========================================================================
Received Import Request.
  Time since last request: 77.632540 seconds.
  path: Assets/Scenes/Texture/Square (1).prefab
  artifactKey: Guid(8bedef3cf6aedec4780de5a3e7b178cb) Importer(815301076,1909f56bfc062723c751e8b465ee728b)
Start importing Assets/Scenes/Texture/Square (1).prefab using Guid(8bedef3cf6aedec4780de5a3e7b178cb) Importer(815301076,1909f56bfc062723c751e8b465ee728b)  -> (artifact id: '68657f48b209df2eb5c553aef85183b0') in 0.025353 seconds
  Import took 0.027858 seconds .

========================================================================
Received Import Request.
  Time since last request: 3.295696 seconds.
  path: Assets/Scenes/Texture/Brick.prefab
  artifactKey: Guid(8bedef3cf6aedec4780de5a3e7b178cb) Importer(815301076,1909f56bfc062723c751e8b465ee728b)
Start importing Assets/Scenes/Texture/Brick.prefab using Guid(8bedef3cf6aedec4780de5a3e7b178cb) Importer(815301076,1909f56bfc062723c751e8b465ee728b)  -> (artifact id: '5da2c18b9728a5e87fa2175841b3ef9e') in 0.006078 seconds
  Import took 0.008651 seconds .

========================================================================
Received Import Request.
  Time since last request: 50.117018 seconds.
  path: Assets/Scenes/Scripts/BrickSpawner.cs
  artifactKey: Guid(9eac77905c5aeec4b998856b8ff7b5f4) Importer(815301076,1909f56bfc062723c751e8b465ee728b)
Start importing Assets/Scenes/Scripts/BrickSpawner.cs using Guid(9eac77905c5aeec4b998856b8ff7b5f4) Importer(815301076,1909f56bfc062723c751e8b465ee728b)  -> (artifact id: '3ac468f500b3bd1c93f50155a2232226') in 0.007484 seconds
  Import took 0.010135 seconds .

========================================================================
Received Prepare
Registering precompiled user dll's ...
Registered in 0.000602 seconds.
Begin MonoManager ReloadAssembly
Native extension for WindowsStandalone target not found
Refreshing native plugins compatible for Editor in 0.33 ms, found 1 plugins.
Preloading 0 native plugins for Editor in 0.00 ms.
Mono: successfully reloaded assembly
- Completed reload, in  0.523 seconds
Platform modules already initialized, skipping
Switching build target platform(5) subTarget(0) extendedPlatform(0) -> platform(13) subTarget(537395200) extendedPlatform(0)
Refreshing native plugins compatible for Editor in 0.33 ms, found 1 plugins.
Preloading 0 native plugins for Editor in 0.00 ms.
Unloading 1812 Unused Serialized files (Serialized files now loaded: 0)
System memory in use before: 88.2 MB.
System memory in use after: 88.1 MB.

Unloading 12 unused Assets to reduce memory usage. Loaded Objects now: 2270.
Total: 1.923900 ms (FindLiveObjects: 0.185600 ms CreateObjectMapping: 0.064300 ms MarkObjects: 1.581400 ms  DeleteObjects: 0.091900 ms)

AssetImportParameters requested are different than current active one (requested -> active):
  custom:graphics/normal-map-encoding: 01000000000000000000000000000000 -> 02000000000000000000000000000000
========================================================================
Received Prepare
Registering precompiled user dll's ...
Registered in 0.000598 seconds.
Begin MonoManager ReloadAssembly
Native extension for WindowsStandalone target not found
Refreshing native plugins compatible for Editor in 0.34 ms, found 1 plugins.
Preloading 0 native plugins for Editor in 0.00 ms.
Mono: successfully reloaded assembly
- Completed reload, in  0.515 seconds
Platform modules already initialized, skipping
Switching build target platform(5) subTarget(0) extendedPlatform(0) -> platform(13) subTarget(537395200) extendedPlatform(0)
Refreshing native plugins compatible for Editor in 0.34 ms, found 1 plugins.
Preloading 0 native plugins for Editor in 0.00 ms.
Unloading 1812 Unused Serialized files (Serialized files now loaded: 0)
System memory in use before: 88.2 MB.
System memory in use after: 88.2 MB.

Unloading 12 unused Assets to reduce memory usage. Loaded Objects now: 2274.
Total: 1.721400 ms (FindLiveObjects: 0.174900 ms CreateObjectMapping: 0.045000 ms MarkObjects: 1.410900 ms  DeleteObjects: 0.089900 ms)

AssetImportParameters requested are different than current active one (requested -> active):
  custom:graphics/normal-map-encoding: 01000000000000000000000000000000 -> 02000000000000000000000000000000
========================================================================
Received Import Request.
  Time since last request: 60.851205 seconds.
  path: Assets/Scenes/Scripts/BrickSpawner.cs
  artifactKey: Guid(9eac77905c5aeec4b998856b8ff7b5f4) Importer(815301076,1909f56bfc062723c751e8b465ee728b)
Start importing Assets/Scenes/Scripts/BrickSpawner.cs using Guid(9eac77905c5aeec4b998856b8ff7b5f4) Importer(815301076,1909f56bfc062723c751e8b465ee728b)  -> (artifact id: '7040887e8d1d601330a0734545fb7fd7') in 0.004231 seconds
  Import took 0.006219 seconds .

========================================================================
Received Import Request.
  Time since last request: 96.085131 seconds.
  path: Assets/Scenes/Texture/Brick.prefab
  artifactKey: Guid(8bedef3cf6aedec4780de5a3e7b178cb) Importer(815301076,1909f56bfc062723c751e8b465ee728b)
Start importing Assets/Scenes/Texture/Brick.prefab using Guid(8bedef3cf6aedec4780de5a3e7b178cb) Importer(815301076,1909f56bfc062723c751e8b465ee728b)  -> (artifact id: '49db1337085086d7bab4b8c3526f3b76') in 0.035423 seconds
  Import took 0.038083 seconds .

========================================================================
Received Import Request.
  Time since last request: 0.001197 seconds.
  path: Assets/Scenes/Texture/Brick.prefab
  artifactKey: Guid(8bedef3cf6aedec4780de5a3e7b178cb) Importer(815301076,1909f56bfc062723c751e8b465ee728b)
Start importing Assets/Scenes/Texture/Brick.prefab using Guid(8bedef3cf6aedec4780de5a3e7b178cb) Importer(815301076,1909f56bfc062723c751e8b465ee728b)  -> (artifact id: '49db1337085086d7bab4b8c3526f3b76') in 0.007113 seconds
  Import took 0.009522 seconds .

========================================================================
Received Import Request.
  Time since last request: 22.968389 seconds.
  path: Assets/Scenes/Texture/Brick.prefab
  artifactKey: Guid(8bedef3cf6aedec4780de5a3e7b178cb) Importer(815301076,1909f56bfc062723c751e8b465ee728b)
Start importing Assets/Scenes/Texture/Brick.prefab using Guid(8bedef3cf6aedec4780de5a3e7b178cb) Importer(815301076,1909f56bfc062723c751e8b465ee728b)  -> (artifact id: '03e9fc00be17c4c0988b420b13d657f0') in 0.006527 seconds
  Import took 0.008766 seconds .

========================================================================
Received Import Request.
  Time since last request: 8.144939 seconds.
  path: Assets/Scenes/Texture/Brick.prefab
  artifactKey: Guid(8bedef3cf6aedec4780de5a3e7b178cb) Importer(815301076,1909f56bfc062723c751e8b465ee728b)
Start importing Assets/Scenes/Texture/Brick.prefab using Guid(8bedef3cf6aedec4780de5a3e7b178cb) Importer(815301076,1909f56bfc062723c751e8b465ee728b)  -> (artifact id: 'f41296782110385bcc9330391b4c33cc') in 0.005744 seconds
  Import took 0.008290 seconds .

========================================================================
Received Import Request.
  Time since last request: 0.002565 seconds.
  path: Assets/Scenes/Texture/Brick.prefab
  artifactKey: Guid(8bedef3cf6aedec4780de5a3e7b178cb) Importer(815301076,1909f56bfc062723c751e8b465ee728b)
Start importing Assets/Scenes/Texture/Brick.prefab using Guid(8bedef3cf6aedec4780de5a3e7b178cb) Importer(815301076,1909f56bfc062723c751e8b465ee728b)  -> (artifact id: 'f41296782110385bcc9330391b4c33cc') in 0.005213 seconds
  Import took 0.007639 seconds .

========================================================================
Received Import Request.
  Time since last request: 11.450129 seconds.
  path: Assets/Scenes/Texture/Brick.prefab
  artifactKey: Guid(8bedef3cf6aedec4780de5a3e7b178cb) Importer(815301076,1909f56bfc062723c751e8b465ee728b)
Start importing Assets/Scenes/Texture/Brick.prefab using Guid(8bedef3cf6aedec4780de5a3e7b178cb) Importer(815301076,1909f56bfc062723c751e8b465ee728b)  -> (artifact id: '27d3350be83c6eeb68d8469d158400d4') in 0.005593 seconds
  Import took 0.007995 seconds .

========================================================================
Received Import Request.
  Time since last request: 0.000238 seconds.
  path: Assets/Scenes/Texture/Brick.prefab
  artifactKey: Guid(8bedef3cf6aedec4780de5a3e7b178cb) Importer(815301076,1909f56bfc062723c751e8b465ee728b)
Start importing Assets/Scenes/Texture/Brick.prefab using Guid(8bedef3cf6aedec4780de5a3e7b178cb) Importer(815301076,1909f56bfc062723c751e8b465ee728b)  -> (artifact id: '27d3350be83c6eeb68d8469d158400d4') in 0.004852 seconds
  Import took 0.006714 seconds .

========================================================================
Received Import Request.
  Time since last request: 6.228402 seconds.
  path: Assets/Scenes/Texture/Circle.prefab
  artifactKey: Guid(c1f7f2ac050711644b050513c38239cc) Importer(815301076,1909f56bfc062723c751e8b465ee728b)
Start importing Assets/Scenes/Texture/Circle.prefab using Guid(c1f7f2ac050711644b050513c38239cc) Importer(815301076,1909f56bfc062723c751e8b465ee728b)  -> (artifact id: '1d2f147eba4322be94865843d985236f') in 0.008502 seconds
  Import took 0.010912 seconds .

========================================================================
Received Import Request.
  Time since last request: 0.000249 seconds.
  path: Assets/Scenes/Texture/Circle.prefab
  artifactKey: Guid(c1f7f2ac050711644b050513c38239cc) Importer(815301076,1909f56bfc062723c751e8b465ee728b)
Start importing Assets/Scenes/Texture/Circle.prefab using Guid(c1f7f2ac050711644b050513c38239cc) Importer(815301076,1909f56bfc062723c751e8b465ee728b)  -> (artifact id: '1d2f147eba4322be94865843d985236f') in 0.006577 seconds
  Import took 0.008750 seconds .

========================================================================
Received Import Request.
  Time since last request: 3.195738 seconds.
  path: Assets/Scenes/Texture/Circle.prefab
  artifactKey: Guid(c1f7f2ac050711644b050513c38239cc) Importer(815301076,1909f56bfc062723c751e8b465ee728b)
Start importing Assets/Scenes/Texture/Circle.prefab using Guid(c1f7f2ac050711644b050513c38239cc) Importer(815301076,1909f56bfc062723c751e8b465ee728b)  -> (artifact id: '50cb2113460acdba3957d135f2c5689f') in 0.008993 seconds
  Import took 0.013746 seconds .

========================================================================
Received Prepare
Registering precompiled user dll's ...
Registered in 0.000603 seconds.
Begin MonoManager ReloadAssembly
Native extension for WindowsStandalone target not found
Refreshing native plugins compatible for Editor in 0.33 ms, found 1 plugins.
Preloading 0 native plugins for Editor in 0.00 ms.
Mono: successfully reloaded assembly
- Completed reload, in  0.530 seconds
Platform modules already initialized, skipping
Switching build target platform(5) subTarget(0) extendedPlatform(0) -> platform(13) subTarget(537395200) extendedPlatform(0)
Refreshing native plugins compatible for Editor in 0.32 ms, found 1 plugins.
Preloading 0 native plugins for Editor in 0.00 ms.
Unloading 1812 Unused Serialized files (Serialized files now loaded: 0)
System memory in use before: 88.3 MB.
System memory in use after: 88.2 MB.

Unloading 12 unused Assets to reduce memory usage. Loaded Objects now: 2279.
Total: 1.752800 ms (FindLiveObjects: 0.165200 ms CreateObjectMapping: 0.035400 ms MarkObjects: 1.463200 ms  DeleteObjects: 0.088300 ms)

AssetImportParameters requested are different than current active one (requested -> active):
  custom:graphics/normal-map-encoding: 01000000000000000000000000000000 -> 02000000000000000000000000000000
========================================================================
Received Prepare
Registering precompiled user dll's ...
Registered in 0.000495 seconds.
Begin MonoManager ReloadAssembly
Native extension for WindowsStandalone target not found
Refreshing native plugins compatible for Editor in 0.33 ms, found 1 plugins.
Preloading 0 native plugins for Editor in 0.00 ms.
Mono: successfully reloaded assembly
- Completed reload, in  0.535 seconds
Platform modules already initialized, skipping
Switching build target platform(5) subTarget(0) extendedPlatform(0) -> platform(13) subTarget(537395200) extendedPlatform(0)
Refreshing native plugins compatible for Editor in 0.34 ms, found 1 plugins.
Preloading 0 native plugins for Editor in 0.00 ms.
Unloading 1812 Unused Serialized files (Serialized files now loaded: 0)
System memory in use before: 88.3 MB.
System memory in use after: 88.2 MB.

Unloading 12 unused Assets to reduce memory usage. Loaded Objects now: 2283.
Total: 1.791000 ms (FindLiveObjects: 0.184600 ms CreateObjectMapping: 0.059800 ms MarkObjects: 1.454200 ms  DeleteObjects: 0.091700 ms)

AssetImportParameters requested are different than current active one (requested -> active):
  custom:graphics/normal-map-encoding: 01000000000000000000000000000000 -> 02000000000000000000000000000000
========================================================================
Received Prepare
Registering precompiled user dll's ...
Registered in 0.000518 seconds.
Begin MonoManager ReloadAssembly
Native extension for WindowsStandalone target not found
Refreshing native plugins compatible for Editor in 0.34 ms, found 1 plugins.
Preloading 0 native plugins for Editor in 0.00 ms.
Mono: successfully reloaded assembly
- Completed reload, in  0.519 seconds
Platform modules already initialized, skipping
Switching build target platform(5) subTarget(0) extendedPlatform(0) -> platform(13) subTarget(537395200) extendedPlatform(0)
Refreshing native plugins compatible for Editor in 0.33 ms, found 1 plugins.
Preloading 0 native plugins for Editor in 0.00 ms.
Unloading 1812 Unused Serialized files (Serialized files now loaded: 0)
System memory in use before: 88.3 MB.
System memory in use after: 88.3 MB.

Unloading 12 unused Assets to reduce memory usage. Loaded Objects now: 2287.
Total: 1.562000 ms (FindLiveObjects: 0.174800 ms CreateObjectMapping: 0.042500 ms MarkObjects: 1.260600 ms  DeleteObjects: 0.083500 ms)

AssetImportParameters requested are different than current active one (requested -> active):
  custom:graphics/normal-map-encoding: 01000000000000000000000000000000 -> 02000000000000000000000000000000
========================================================================
Received Import Request.
  Time since last request: 137.263806 seconds.
  path: ProjectSettings/TagManager.asset
  artifactKey: Guid(00000000000000003000000000000000) Importer(815301076,1909f56bfc062723c751e8b465ee728b)
Start importing ProjectSettings/TagManager.asset using Guid(00000000000000003000000000000000) Importer(815301076,1909f56bfc062723c751e8b465ee728b)  -> (artifact id: '95dd10aaa03667d6ce2052a689cbf0f7') in 0.013486 seconds
  Import took 0.015882 seconds .

========================================================================
Received Import Request.
  Time since last request: 9.456627 seconds.
  path: Assets/Scenes/Texture/Brick.prefab
  artifactKey: Guid(8bedef3cf6aedec4780de5a3e7b178cb) Importer(815301076,1909f56bfc062723c751e8b465ee728b)
Start importing Assets/Scenes/Texture/Brick.prefab using Guid(8bedef3cf6aedec4780de5a3e7b178cb) Importer(815301076,1909f56bfc062723c751e8b465ee728b)  -> (artifact id: '57ad0be7cb977792f8dd67ba0fe1150c') in 0.028566 seconds
  Import took 0.030815 seconds .

========================================================================
Received Prepare
Registering precompiled user dll's ...
Registered in 0.000566 seconds.
Begin MonoManager ReloadAssembly
Native extension for WindowsStandalone target not found
Refreshing native plugins compatible for Editor in 0.34 ms, found 1 plugins.
Preloading 0 native plugins for Editor in 0.00 ms.
Mono: successfully reloaded assembly
- Completed reload, in  0.530 seconds
Platform modules already initialized, skipping
Switching build target platform(5) subTarget(0) extendedPlatform(0) -> platform(13) subTarget(537395200) extendedPlatform(0)
Refreshing native plugins compatible for Editor in 0.33 ms, found 1 plugins.
Preloading 0 native plugins for Editor in 0.00 ms.
Unloading 1812 Unused Serialized files (Serialized files now loaded: 0)
System memory in use before: 88.3 MB.
System memory in use after: 88.3 MB.

Unloading 13 unused Assets to reduce memory usage. Loaded Objects now: 2292.
Total: 1.905400 ms (FindLiveObjects: 0.177200 ms CreateObjectMapping: 0.062100 ms MarkObjects: 1.572400 ms  DeleteObjects: 0.093000 ms)

AssetImportParameters requested are different than current active one (requested -> active):
  custom:graphics/normal-map-encoding: 01000000000000000000000000000000 -> 02000000000000000000000000000000
========================================================================
Received Import Request.
  Time since last request: 38.198741 seconds.
  path: Assets/Scenes/Scripts/BombDestroyer.cs
  artifactKey: Guid(78fd26a802f724148a2e6c70cd90666a) Importer(815301076,1909f56bfc062723c751e8b465ee728b)
Start importing Assets/Scenes/Scripts/BombDestroyer.cs using Guid(78fd26a802f724148a2e6c70cd90666a) Importer(815301076,1909f56bfc062723c751e8b465ee728b)  -> (artifact id: 'dd61b11ef800c8b1ed7639006b786727') in 0.009746 seconds
  Import took 0.012295 seconds .

========================================================================
Received Prepare
Registering precompiled user dll's ...
Registered in 0.000561 seconds.
Begin MonoManager ReloadAssembly
Native extension for WindowsStandalone target not found
Refreshing native plugins compatible for Editor in 0.33 ms, found 1 plugins.
Preloading 0 native plugins for Editor in 0.00 ms.
Mono: successfully reloaded assembly
- Completed reload, in  0.539 seconds
Platform modules already initialized, skipping
Switching build target platform(5) subTarget(0) extendedPlatform(0) -> platform(13) subTarget(537395200) extendedPlatform(0)
Refreshing native plugins compatible for Editor in 0.34 ms, found 1 plugins.
Preloading 0 native plugins for Editor in 0.00 ms.
Unloading 1812 Unused Serialized files (Serialized files now loaded: 0)
System memory in use before: 88.3 MB.
System memory in use after: 88.3 MB.

Unloading 12 unused Assets to reduce memory usage. Loaded Objects now: 2296.
Total: 1.731000 ms (FindLiveObjects: 0.148600 ms CreateObjectMapping: 0.048600 ms MarkObjects: 1.443400 ms  DeleteObjects: 0.089700 ms)

AssetImportParameters requested are different than current active one (requested -> active):
  custom:graphics/normal-map-encoding: 01000000000000000000000000000000 -> 02000000000000000000000000000000
========================================================================
Received Prepare
Registering precompiled user dll's ...
Registered in 0.000528 seconds.
Begin MonoManager ReloadAssembly
Native extension for WindowsStandalone target not found
Refreshing native plugins compatible for Editor in 0.33 ms, found 1 plugins.
Preloading 0 native plugins for Editor in 0.00 ms.
Mono: successfully reloaded assembly
- Completed reload, in  0.540 seconds
Platform modules already initialized, skipping
Switching build target platform(5) subTarget(0) extendedPlatform(0) -> platform(13) subTarget(537395200) extendedPlatform(0)
Refreshing native plugins compatible for Editor in 0.34 ms, found 1 plugins.
Preloading 0 native plugins for Editor in 0.00 ms.
Unloading 1812 Unused Serialized files (Serialized files now loaded: 0)
System memory in use before: 88.3 MB.
System memory in use after: 88.3 MB.

Unloading 12 unused Assets to reduce memory usage. Loaded Objects now: 2300.
Total: 1.966600 ms (FindLiveObjects: 0.171300 ms CreateObjectMapping: 0.044200 ms MarkObjects: 1.644900 ms  DeleteObjects: 0.105200 ms)

AssetImportParameters requested are different than current active one (requested -> active):
  custom:graphics/normal-map-encoding: 01000000000000000000000000000000 -> 02000000000000000000000000000000
========================================================================
Received Import Request.
  Time since last request: 164.264929 seconds.
  path: Assets/Scenes/Scripts/BrickSpawner.cs
  artifactKey: Guid(9eac77905c5aeec4b998856b8ff7b5f4) Importer(815301076,1909f56bfc062723c751e8b465ee728b)
Start importing Assets/Scenes/Scripts/BrickSpawner.cs using Guid(9eac77905c5aeec4b998856b8ff7b5f4) Importer(815301076,1909f56bfc062723c751e8b465ee728b)  -> (artifact id: '1b94f5ef23b299babc0b95953e810559') in 0.004333 seconds
  Import took 0.006536 seconds .

========================================================================
Received Prepare
Registering precompiled user dll's ...
Registered in 0.000537 seconds.
Begin MonoManager ReloadAssembly
Native extension for WindowsStandalone target not found
Refreshing native plugins compatible for Editor in 0.32 ms, found 1 plugins.
Preloading 0 native plugins for Editor in 0.00 ms.
Mono: successfully reloaded assembly
- Completed reload, in  0.540 seconds
Platform modules already initialized, skipping
Switching build target platform(5) subTarget(0) extendedPlatform(0) -> platform(13) subTarget(537395200) extendedPlatform(0)
Refreshing native plugins compatible for Editor in 0.34 ms, found 1 plugins.
Preloading 0 native plugins for Editor in 0.00 ms.
Unloading 1812 Unused Serialized files (Serialized files now loaded: 0)
System memory in use before: 88.3 MB.
System memory in use after: 88.3 MB.

Unloading 12 unused Assets to reduce memory usage. Loaded Objects now: 2304.
Total: 1.735100 ms (FindLiveObjects: 0.222800 ms CreateObjectMapping: 0.034200 ms MarkObjects: 1.384900 ms  DeleteObjects: 0.091300 ms)

AssetImportParameters requested are different than current active one (requested -> active):
  custom:graphics/normal-map-encoding: 01000000000000000000000000000000 -> 02000000000000000000000000000000
AssetImportWorkerClient::OnTransportError - code=2 error=End of file
